<EventNotificationAlert version="2.0" xmlns="http://www.hikvision.com/ver20/XMLSchema">
  <ipAddress>10.17.3.107</ipAddress>
  <portNo>7777</portNo>
  <protocol>HTTP</protocol>
  <macAddress>80:be:af:9e:2d:49</macAddress>
  <channelID>1</channelID>
  <dateTime>2025-07-19T22:42:41+03:00</dateTime>
  <activePostCount>1</activePostCount>
  <eventType>linedetection</eventType>
  <eventState>active</eventState>
  <eventDescription>linedetection alarm</eventDescription>
  <DetectionRegionList>
    <DetectionRegionEntry>
      <regionID>1</regionID>
      <sensitivityLevel>50</sensitivityLevel>
      <RegionCoordinatesList>
        <RegionCoordinates>
          <positionX>334</positionX>
          <positionY>221</positionY>
        </RegionCoordinates>
        <RegionCoordinates>
          <positionX>260</positionX>
          <positionY>685</positionY>
        </RegionCoordinates>
      </RegionCoordinatesList>
      <detectionTarget>human</detectionTarget>
      <TargetRect>
        <X>0.424</X>
        <Y>0.264</Y>
        <width>0.153</width>
        <height>0.117</height>
      </TargetRect>
    </DetectionRegionEntry>
  </DetectionRegionList>
  <channelName></channelName>
  <detectionPictureTransType>binary</detectionPictureTransType>
  <detectionPicturesNumber>1</detectionPicturesNumber>
  <isDataRetransmission>false</isDataRetransmission>
</EventNotificationAlert> 